<?xml version="1.0" encoding="UTF-8"?>
<!-- Generated by org.testng.reporters.JUnitReportReporter -->
<testsuite hostname="BDC7-L-1Z7XLV1" name="com.pack.tests.BasePageTest" tests="1" failures="0" timestamp="26 Sep 2017 07:10:57 GMT" time="0.140" errors="0">
  <testcase name="verifyHomePage" time="0.140" classname="com.pack.tests.BasePageTest"/>
</testsuite> <!-- com.pack.tests.BasePageTest -->
